app/build/intermediates/manifest_merge_blame_file/debug/processDebugMainManifest/manifest-merger-blame-debug-report.txt
1<?xml version="1.0" encoding="utf-8"?>
2<manifest xmlns:android="http://schemas.android.com/apk/res/android"
3    package="com.devgroup.medicapp"
4    android:versionCode="1"
5    android:versionName="1.0" >
6
7    <uses-sdk
8        android:minSdkVersion="28"
9        android:targetSdkVersion="36" />
10
11    <uses-permission android:name="android.permission.INTERNET" />
11-->[com.google.android.ads:mediation-test-suite:3.0.0] AndroidManifest.xml:7:5-67
11-->[com.google.android.ads:mediation-test-suite:3.0.0] AndroidManifest.xml:7:22-64
12    <uses-permission android:name="android.permission.ACCESS_NETWORK_STATE" />
12-->[com.google.firebase:firebase-auth:24.0.1] AndroidManifest.xml:26:5-79
12-->[com.google.firebase:firebase-auth:24.0.1] AndroidManifest.xml:26:22-76
13    <uses-permission android:name="com.google.android.providers.gsf.permission.READ_GSERVICES" />
13-->[com.google.android.recaptcha:recaptcha:18.6.1] AndroidManifest.xml:9:5-98
13-->[com.google.android.recaptcha:recaptcha:18.6.1] AndroidManifest.xml:9:22-95
14    <uses-permission android:name="com.google.android.gms.permission.AD_ID" /> <!-- Android package visibility setting -->
14-->[com.google.android.gms:play-services-ads-lite:21.0.0] AndroidManifest.xml:25:5-79
14-->[com.google.android.gms:play-services-ads-lite:21.0.0] AndroidManifest.xml:25:22-76
15    <queries>
15-->[com.google.android.gms:play-services-ads-lite:21.0.0] AndroidManifest.xml:28:5-44:15
16
17        <!-- For browser content -->
18        <intent>
18-->[com.google.android.gms:play-services-ads-lite:21.0.0] AndroidManifest.xml:31:9-37:18
19            <action android:name="android.intent.action.VIEW" />
19-->[com.google.firebase:firebase-auth:24.0.1] AndroidManifest.xml:36:17-69
19-->[com.google.firebase:firebase-auth:24.0.1] AndroidManifest.xml:36:25-66
20
21            <category android:name="android.intent.category.BROWSABLE" />
21-->[com.google.firebase:firebase-auth:24.0.1] AndroidManifest.xml:39:17-78
21-->[com.google.firebase:firebase-auth:24.0.1] AndroidManifest.xml:39:27-75
22
23            <data android:scheme="https" />
23-->[com.google.firebase:firebase-auth:24.0.1] AndroidManifest.xml:41:17-44:51
23-->[com.google.firebase:firebase-auth:24.0.1] AndroidManifest.xml:44:21-48
24        </intent>
25        <!-- End of browser content -->
26        <!-- For CustomTabsService -->
27        <intent>
27-->[com.google.android.gms:play-services-ads-lite:21.0.0] AndroidManifest.xml:40:9-42:18
28            <action android:name="android.support.customtabs.action.CustomTabsService" />
28-->[com.google.android.gms:play-services-ads-lite:21.0.0] AndroidManifest.xml:41:13-90
28-->[com.google.android.gms:play-services-ads-lite:21.0.0] AndroidManifest.xml:41:21-87
29        </intent>
30        <!-- End of CustomTabsService -->
31    </queries>
32
33    <uses-permission android:name="android.permission.WAKE_LOCK" />
33-->[androidx.work:work-runtime:2.7.0] AndroidManifest.xml:25:5-68
33-->[androidx.work:work-runtime:2.7.0] AndroidManifest.xml:25:22-65
34    <uses-permission android:name="android.permission.RECEIVE_BOOT_COMPLETED" />
34-->[androidx.work:work-runtime:2.7.0] AndroidManifest.xml:27:5-81
34-->[androidx.work:work-runtime:2.7.0] AndroidManifest.xml:27:22-78
35    <uses-permission android:name="android.permission.FOREGROUND_SERVICE" />
35-->[androidx.work:work-runtime:2.7.0] AndroidManifest.xml:28:5-77
35-->[androidx.work:work-runtime:2.7.0] AndroidManifest.xml:28:22-74
36
37    <permission
37-->[androidx.core:core:1.17.0] AndroidManifest.xml:22:5-24:47
38        android:name="com.devgroup.medicapp.DYNAMIC_RECEIVER_NOT_EXPORTED_PERMISSION"
38-->[androidx.core:core:1.17.0] AndroidManifest.xml:23:9-81
39        android:protectionLevel="signature" />
39-->[androidx.core:core:1.17.0] AndroidManifest.xml:24:9-44
40
41    <uses-permission android:name="com.devgroup.medicapp.DYNAMIC_RECEIVER_NOT_EXPORTED_PERMISSION" />
41-->[androidx.core:core:1.17.0] AndroidManifest.xml:26:5-97
41-->[androidx.core:core:1.17.0] AndroidManifest.xml:26:22-94
42
43    <application
43-->src\main\AndroidManifest.xml:5:5-50:19
44        android:allowBackup="true"
44-->src\main\AndroidManifest.xml:6:9-35
45        android:appComponentFactory="androidx.core.app.CoreComponentFactory"
45-->[androidx.core:core:1.17.0] AndroidManifest.xml:28:18-86
46        android:dataExtractionRules="@xml/data_extraction_rules"
46-->src\main\AndroidManifest.xml:7:9-65
47        android:debuggable="true"
48        android:extractNativeLibs="false"
49        android:fullBackupContent="@xml/backup_rules"
49-->src\main\AndroidManifest.xml:8:9-54
50        android:icon="@mipmap/ic_launcher"
50-->src\main\AndroidManifest.xml:9:9-43
51        android:label="@string/app_name"
51-->src\main\AndroidManifest.xml:10:9-41
52        android:roundIcon="@mipmap/ic_launcher_round"
52-->src\main\AndroidManifest.xml:11:9-54
53        android:supportsRtl="true"
53-->src\main\AndroidManifest.xml:12:9-35
54        android:testOnly="true"
55        android:theme="@style/Theme.MedicApp" >
55-->src\main\AndroidManifest.xml:13:9-46
56        <activity
56-->src\main\AndroidManifest.xml:15:9-16:40
57            android:name="com.devgroup.medicapp.LoginActivity"
57-->src\main\AndroidManifest.xml:15:19-48
58            android:exported="false" />
58-->src\main\AndroidManifest.xml:16:13-37
59        <activity
59-->src\main\AndroidManifest.xml:18:9-24:20
60            android:name="com.devgroup.medicapp.SplashActivity"
60-->src\main\AndroidManifest.xml:18:19-49
61            android:exported="true" >
61-->src\main\AndroidManifest.xml:19:13-36
62            <intent-filter>
62-->src\main\AndroidManifest.xml:20:13-23:29
63                <action android:name="android.intent.action.MAIN" />
63-->src\main\AndroidManifest.xml:21:17-69
63-->src\main\AndroidManifest.xml:21:25-66
64
65                <category android:name="android.intent.category.LAUNCHER" />
65-->src\main\AndroidManifest.xml:22:17-77
65-->src\main\AndroidManifest.xml:22:27-74
66            </intent-filter>
67        </activity>
68        <activity
68-->src\main\AndroidManifest.xml:26:9-28:45
69            android:name="com.devgroup.medicapp.RegistroActivity"
69-->src\main\AndroidManifest.xml:26:19-51
70            android:exported="false" />
70-->src\main\AndroidManifest.xml:27:13-37
71        <activity
71-->src\main\AndroidManifest.xml:30:9-31:40
72            android:name="com.devgroup.medicapp.HomeActivity"
72-->src\main\AndroidManifest.xml:30:19-47
73            android:exported="false" />
73-->src\main\AndroidManifest.xml:31:13-37
74        <activity
74-->src\main\AndroidManifest.xml:40:9-45:20
75            android:name="com.devgroup.medicapp.MainActivity"
75-->src\main\AndroidManifest.xml:41:13-41
76            android:exported="true"
76-->src\main\AndroidManifest.xml:42:13-36
77            android:label="@string/app_name"
77-->src\main\AndroidManifest.xml:43:13-45
78            android:theme="@style/Theme.MedicApp" >
78-->src\main\AndroidManifest.xml:44:13-50
79        </activity>
80
81        <meta-data
81-->src\main\AndroidManifest.xml:47:9-49:69
82            android:name="com.google.android.gms.ads.APPLICATION_ID"
82-->src\main\AndroidManifest.xml:48:13-69
83            android:value="ca-app-pub-5792603457692317~1897846776" />
83-->src\main\AndroidManifest.xml:49:13-67
84
85        <activity
85-->[com.google.android.ads:mediation-test-suite:3.0.0] AndroidManifest.xml:10:9-15:70
86            android:name="com.google.android.ads.mediationtestsuite.activities.HomeActivity"
86-->[com.google.android.ads:mediation-test-suite:3.0.0] AndroidManifest.xml:11:13-93
87            android:exported="false"
87-->[com.google.android.ads:mediation-test-suite:3.0.0] AndroidManifest.xml:12:13-37
88            android:label="Mediation Test Suite"
88-->[com.google.android.ads:mediation-test-suite:3.0.0] AndroidManifest.xml:13:13-49
89            android:screenOrientation="portrait"
89-->[com.google.android.ads:mediation-test-suite:3.0.0] AndroidManifest.xml:14:13-49
90            android:theme="@style/gmts_TestSuiteTheme.NoActionBar" />
90-->[com.google.android.ads:mediation-test-suite:3.0.0] AndroidManifest.xml:15:13-67
91        <activity
91-->[com.google.android.ads:mediation-test-suite:3.0.0] AndroidManifest.xml:16:9-21:63
92            android:name="com.google.android.ads.mediationtestsuite.activities.NetworkDetailActivity"
92-->[com.google.android.ads:mediation-test-suite:3.0.0] AndroidManifest.xml:17:13-102
93            android:exported="false"
93-->[com.google.android.ads:mediation-test-suite:3.0.0] AndroidManifest.xml:18:13-37
94            android:screenOrientation="portrait"
94-->[com.google.android.ads:mediation-test-suite:3.0.0] AndroidManifest.xml:19:13-49
95            android:theme="@style/gmts_AppSecondaryTheme"
95-->[com.google.android.ads:mediation-test-suite:3.0.0] AndroidManifest.xml:20:13-58
96            android:windowSoftInputMode="stateAlwaysHidden" />
96-->[com.google.android.ads:mediation-test-suite:3.0.0] AndroidManifest.xml:21:13-60
97        <activity
97-->[com.google.android.ads:mediation-test-suite:3.0.0] AndroidManifest.xml:22:9-27:73
98            android:name="com.google.android.ads.mediationtestsuite.activities.ConfigurationItemDetailActivity"
98-->[com.google.android.ads:mediation-test-suite:3.0.0] AndroidManifest.xml:23:13-112
99            android:exported="false"
99-->[com.google.android.ads:mediation-test-suite:3.0.0] AndroidManifest.xml:24:13-37
100            android:label="@string/gmts_ad_unit_details_title"
100-->[com.google.android.ads:mediation-test-suite:3.0.0] AndroidManifest.xml:25:13-63
101            android:screenOrientation="portrait"
101-->[com.google.android.ads:mediation-test-suite:3.0.0] AndroidManifest.xml:26:13-49
102            android:theme="@style/gmts_AppSecondaryTheme.NoActionBar" />
102-->[com.google.android.ads:mediation-test-suite:3.0.0] AndroidManifest.xml:27:13-70
103        <activity
103-->[com.google.android.ads:mediation-test-suite:3.0.0] AndroidManifest.xml:28:9-32:73
104            android:name="com.google.android.ads.mediationtestsuite.activities.ConfigurationItemsSearchActivity"
104-->[com.google.android.ads:mediation-test-suite:3.0.0] AndroidManifest.xml:29:13-113
105            android:exported="false"
105-->[com.google.android.ads:mediation-test-suite:3.0.0] AndroidManifest.xml:30:13-37
106            android:screenOrientation="portrait"
106-->[com.google.android.ads:mediation-test-suite:3.0.0] AndroidManifest.xml:31:13-49
107            android:theme="@style/gmts_AppSecondaryTheme.NoActionBar" />
107-->[com.google.android.ads:mediation-test-suite:3.0.0] AndroidManifest.xml:32:13-70
108        <activity
108-->[androidx.compose.ui:ui-tooling-android:1.7.0] AndroidManifest.xml:23:9-25:39
109            android:name="androidx.compose.ui.tooling.PreviewActivity"
109-->[androidx.compose.ui:ui-tooling-android:1.7.0] AndroidManifest.xml:24:13-71
110            android:exported="true" />
110-->[androidx.compose.ui:ui-tooling-android:1.7.0] AndroidManifest.xml:25:13-36
111        <activity
111-->[androidx.compose.ui:ui-test-manifest:1.7.0] AndroidManifest.xml:23:9-25:39
112            android:name="androidx.activity.ComponentActivity"
112-->[androidx.compose.ui:ui-test-manifest:1.7.0] AndroidManifest.xml:24:13-63
113            android:exported="true" />
113-->[androidx.compose.ui:ui-test-manifest:1.7.0] AndroidManifest.xml:25:13-36
114        <activity
114-->[com.google.firebase:firebase-auth:24.0.1] AndroidManifest.xml:29:9-46:20
115            android:name="com.google.firebase.auth.internal.GenericIdpActivity"
115-->[com.google.firebase:firebase-auth:24.0.1] AndroidManifest.xml:30:13-80
116            android:excludeFromRecents="true"
116-->[com.google.firebase:firebase-auth:24.0.1] AndroidManifest.xml:31:13-46
117            android:exported="true"
117-->[com.google.firebase:firebase-auth:24.0.1] AndroidManifest.xml:32:13-36
118            android:launchMode="singleTask"
118-->[com.google.firebase:firebase-auth:24.0.1] AndroidManifest.xml:33:13-44
119            android:theme="@android:style/Theme.Translucent.NoTitleBar" >
119-->[com.google.firebase:firebase-auth:24.0.1] AndroidManifest.xml:34:13-72
120            <intent-filter>
120-->[com.google.firebase:firebase-auth:24.0.1] AndroidManifest.xml:35:13-45:29
121                <action android:name="android.intent.action.VIEW" />
121-->[com.google.firebase:firebase-auth:24.0.1] AndroidManifest.xml:36:17-69
121-->[com.google.firebase:firebase-auth:24.0.1] AndroidManifest.xml:36:25-66
122
123                <category android:name="android.intent.category.DEFAULT" />
123-->[com.google.firebase:firebase-auth:24.0.1] AndroidManifest.xml:38:17-76
123-->[com.google.firebase:firebase-auth:24.0.1] AndroidManifest.xml:38:27-73
124                <category android:name="android.intent.category.BROWSABLE" />
124-->[com.google.firebase:firebase-auth:24.0.1] AndroidManifest.xml:39:17-78
124-->[com.google.firebase:firebase-auth:24.0.1] AndroidManifest.xml:39:27-75
125
126                <data
126-->[com.google.firebase:firebase-auth:24.0.1] AndroidManifest.xml:41:17-44:51
127                    android:host="firebase.auth"
127-->[com.google.firebase:firebase-auth:24.0.1] AndroidManifest.xml:42:21-49
128                    android:path="/"
128-->[com.google.firebase:firebase-auth:24.0.1] AndroidManifest.xml:43:21-37
129                    android:scheme="genericidp" />
129-->[com.google.firebase:firebase-auth:24.0.1] AndroidManifest.xml:44:21-48
130            </intent-filter>
131        </activity>
132        <activity
132-->[com.google.firebase:firebase-auth:24.0.1] AndroidManifest.xml:47:9-64:20
133            android:name="com.google.firebase.auth.internal.RecaptchaActivity"
133-->[com.google.firebase:firebase-auth:24.0.1] AndroidManifest.xml:48:13-79
134            android:excludeFromRecents="true"
134-->[com.google.firebase:firebase-auth:24.0.1] AndroidManifest.xml:49:13-46
135            android:exported="true"
135-->[com.google.firebase:firebase-auth:24.0.1] AndroidManifest.xml:50:13-36
136            android:launchMode="singleTask"
136-->[com.google.firebase:firebase-auth:24.0.1] AndroidManifest.xml:51:13-44
137            android:theme="@android:style/Theme.Translucent.NoTitleBar" >
137-->[com.google.firebase:firebase-auth:24.0.1] AndroidManifest.xml:52:13-72
138            <intent-filter>
138-->[com.google.firebase:firebase-auth:24.0.1] AndroidManifest.xml:53:13-63:29
139                <action android:name="android.intent.action.VIEW" />
139-->[com.google.firebase:firebase-auth:24.0.1] AndroidManifest.xml:36:17-69
139-->[com.google.firebase:firebase-auth:24.0.1] AndroidManifest.xml:36:25-66
140
141                <category android:name="android.intent.category.DEFAULT" />
141-->[com.google.firebase:firebase-auth:24.0.1] AndroidManifest.xml:38:17-76
141-->[com.google.firebase:firebase-auth:24.0.1] AndroidManifest.xml:38:27-73
142                <category android:name="android.intent.category.BROWSABLE" />
142-->[com.google.firebase:firebase-auth:24.0.1] AndroidManifest.xml:39:17-78
142-->[com.google.firebase:firebase-auth:24.0.1] AndroidManifest.xml:39:27-75
143
144                <data
144-->[com.google.firebase:firebase-auth:24.0.1] AndroidManifest.xml:41:17-44:51
145                    android:host="firebase.auth"
145-->[com.google.firebase:firebase-auth:24.0.1] AndroidManifest.xml:42:21-49
146                    android:path="/"
146-->[com.google.firebase:firebase-auth:24.0.1] AndroidManifest.xml:43:21-37
147                    android:scheme="recaptcha" />
147-->[com.google.firebase:firebase-auth:24.0.1] AndroidManifest.xml:44:21-48
148            </intent-filter>
149        </activity>
150
151        <service
151-->[com.google.firebase:firebase-auth:24.0.1] AndroidManifest.xml:66:9-72:19
152            android:name="com.google.firebase.components.ComponentDiscoveryService"
152-->[com.google.firebase:firebase-auth:24.0.1] AndroidManifest.xml:67:13-84
153            android:directBootAware="true"
153-->[com.google.firebase:firebase-common:21.0.0] AndroidManifest.xml:32:13-43
154            android:exported="false" >
154-->[com.google.firebase:firebase-auth:24.0.1] AndroidManifest.xml:68:13-37
155            <meta-data
155-->[com.google.firebase:firebase-auth:24.0.1] AndroidManifest.xml:69:13-71:85
156                android:name="com.google.firebase.components:com.google.firebase.auth.FirebaseAuthRegistrar"
156-->[com.google.firebase:firebase-auth:24.0.1] AndroidManifest.xml:70:17-109
157                android:value="com.google.firebase.components.ComponentRegistrar" />
157-->[com.google.firebase:firebase-auth:24.0.1] AndroidManifest.xml:71:17-82
158            <meta-data
158-->[com.google.firebase:firebase-common:21.0.0] AndroidManifest.xml:35:13-37:85
159                android:name="com.google.firebase.components:com.google.firebase.FirebaseCommonKtxRegistrar"
159-->[com.google.firebase:firebase-common:21.0.0] AndroidManifest.xml:36:17-109
160                android:value="com.google.firebase.components.ComponentRegistrar" />
160-->[com.google.firebase:firebase-common:21.0.0] AndroidManifest.xml:37:17-82
161        </service>
162        <service
162-->[androidx.credentials:credentials-play-services-auth:1.2.0-rc01] AndroidManifest.xml:24:9-32:19
163            android:name="androidx.credentials.playservices.CredentialProviderMetadataHolder"
163-->[androidx.credentials:credentials-play-services-auth:1.2.0-rc01] AndroidManifest.xml:25:13-94
164            android:enabled="true"
164-->[androidx.credentials:credentials-play-services-auth:1.2.0-rc01] AndroidManifest.xml:26:13-35
165            android:exported="false" >
165-->[androidx.credentials:credentials-play-services-auth:1.2.0-rc01] AndroidManifest.xml:27:13-37
166            <meta-data
166-->[androidx.credentials:credentials-play-services-auth:1.2.0-rc01] AndroidManifest.xml:29:13-31:104
167                android:name="androidx.credentials.CREDENTIAL_PROVIDER_KEY"
167-->[androidx.credentials:credentials-play-services-auth:1.2.0-rc01] AndroidManifest.xml:30:17-76
168                android:value="androidx.credentials.playservices.CredentialProviderPlayServicesImpl" />
168-->[androidx.credentials:credentials-play-services-auth:1.2.0-rc01] AndroidManifest.xml:31:17-101
169        </service>
170
171        <activity
171-->[androidx.credentials:credentials-play-services-auth:1.2.0-rc01] AndroidManifest.xml:34:9-41:20
172            android:name="androidx.credentials.playservices.HiddenActivity"
172-->[androidx.credentials:credentials-play-services-auth:1.2.0-rc01] AndroidManifest.xml:35:13-76
173            android:configChanges="orientation|screenSize|screenLayout|keyboardHidden"
173-->[androidx.credentials:credentials-play-services-auth:1.2.0-rc01] AndroidManifest.xml:36:13-87
174            android:enabled="true"
174-->[androidx.credentials:credentials-play-services-auth:1.2.0-rc01] AndroidManifest.xml:37:13-35
175            android:exported="false"
175-->[androidx.credentials:credentials-play-services-auth:1.2.0-rc01] AndroidManifest.xml:38:13-37
176            android:fitsSystemWindows="true"
176-->[androidx.credentials:credentials-play-services-auth:1.2.0-rc01] AndroidManifest.xml:39:13-45
177            android:theme="@style/Theme.Hidden" >
177-->[androidx.credentials:credentials-play-services-auth:1.2.0-rc01] AndroidManifest.xml:40:13-48
178        </activity>
179        <activity
179-->[com.google.android.gms:play-services-auth:20.7.0] AndroidManifest.xml:23:9-27:75
180            android:name="com.google.android.gms.auth.api.signin.internal.SignInHubActivity"
180-->[com.google.android.gms:play-services-auth:20.7.0] AndroidManifest.xml:24:13-93
181            android:excludeFromRecents="true"
181-->[com.google.android.gms:play-services-auth:20.7.0] AndroidManifest.xml:25:13-46
182            android:exported="false"
182-->[com.google.android.gms:play-services-auth:20.7.0] AndroidManifest.xml:26:13-37
183            android:theme="@android:style/Theme.Translucent.NoTitleBar" />
183-->[com.google.android.gms:play-services-auth:20.7.0] AndroidManifest.xml:27:13-72
184        <!--
185            Service handling Google Sign-In user revocation. For apps that do not integrate with
186            Google Sign-In, this service will never be started.
187        -->
188        <service
188-->[com.google.android.gms:play-services-auth:20.7.0] AndroidManifest.xml:33:9-37:51
189            android:name="com.google.android.gms.auth.api.signin.RevocationBoundService"
189-->[com.google.android.gms:play-services-auth:20.7.0] AndroidManifest.xml:34:13-89
190            android:exported="true"
190-->[com.google.android.gms:play-services-auth:20.7.0] AndroidManifest.xml:35:13-36
191            android:permission="com.google.android.gms.auth.api.signin.permission.REVOCATION_NOTIFICATION"
191-->[com.google.android.gms:play-services-auth:20.7.0] AndroidManifest.xml:36:13-107
192            android:visibleToInstantApps="true" />
192-->[com.google.android.gms:play-services-auth:20.7.0] AndroidManifest.xml:37:13-48
193
194        <provider
194-->[com.google.firebase:firebase-common:21.0.0] AndroidManifest.xml:23:9-28:39
195            android:name="com.google.firebase.provider.FirebaseInitProvider"
195-->[com.google.firebase:firebase-common:21.0.0] AndroidManifest.xml:24:13-77
196            android:authorities="com.devgroup.medicapp.firebaseinitprovider"
196-->[com.google.firebase:firebase-common:21.0.0] AndroidManifest.xml:25:13-72
197            android:directBootAware="true"
197-->[com.google.firebase:firebase-common:21.0.0] AndroidManifest.xml:26:13-43
198            android:exported="false"
198-->[com.google.firebase:firebase-common:21.0.0] AndroidManifest.xml:27:13-37
199            android:initOrder="100" />
199-->[com.google.firebase:firebase-common:21.0.0] AndroidManifest.xml:28:13-36
200
201        <activity
201-->[com.google.android.gms:play-services-base:18.0.1] AndroidManifest.xml:20:9-22:45
202            android:name="com.google.android.gms.common.api.GoogleApiActivity"
202-->[com.google.android.gms:play-services-base:18.0.1] AndroidManifest.xml:20:19-85
203            android:exported="false"
203-->[com.google.android.gms:play-services-base:18.0.1] AndroidManifest.xml:22:19-43
204            android:theme="@android:style/Theme.Translucent.NoTitleBar" />
204-->[com.google.android.gms:play-services-base:18.0.1] AndroidManifest.xml:21:19-78
205
206        <provider
206-->[androidx.emoji2:emoji2:1.3.0] AndroidManifest.xml:24:9-32:20
207            android:name="androidx.startup.InitializationProvider"
207-->[androidx.emoji2:emoji2:1.3.0] AndroidManifest.xml:25:13-67
208            android:authorities="com.devgroup.medicapp.androidx-startup"
208-->[androidx.emoji2:emoji2:1.3.0] AndroidManifest.xml:26:13-68
209            android:exported="false" >
209-->[androidx.emoji2:emoji2:1.3.0] AndroidManifest.xml:27:13-37
210            <meta-data
210-->[androidx.emoji2:emoji2:1.3.0] AndroidManifest.xml:29:13-31:52
211                android:name="androidx.emoji2.text.EmojiCompatInitializer"
211-->[androidx.emoji2:emoji2:1.3.0] AndroidManifest.xml:30:17-75
212                android:value="androidx.startup" />
212-->[androidx.emoji2:emoji2:1.3.0] AndroidManifest.xml:31:17-49
213            <meta-data
213-->[androidx.work:work-runtime:2.7.0] AndroidManifest.xml:36:13-38:52
214                android:name="androidx.work.WorkManagerInitializer"
214-->[androidx.work:work-runtime:2.7.0] AndroidManifest.xml:37:17-68
215                android:value="androidx.startup" />
215-->[androidx.work:work-runtime:2.7.0] AndroidManifest.xml:38:17-49
216            <meta-data
216-->[androidx.lifecycle:lifecycle-process:2.9.3] AndroidManifest.xml:29:13-31:52
217                android:name="androidx.lifecycle.ProcessLifecycleInitializer"
217-->[androidx.lifecycle:lifecycle-process:2.9.3] AndroidManifest.xml:30:17-78
218                android:value="androidx.startup" />
218-->[androidx.lifecycle:lifecycle-process:2.9.3] AndroidManifest.xml:31:17-49
219            <meta-data
219-->[androidx.profileinstaller:profileinstaller:1.4.0] AndroidManifest.xml:29:13-31:52
220                android:name="androidx.profileinstaller.ProfileInstallerInitializer"
220-->[androidx.profileinstaller:profileinstaller:1.4.0] AndroidManifest.xml:30:17-85
221                android:value="androidx.startup" />
221-->[androidx.profileinstaller:profileinstaller:1.4.0] AndroidManifest.xml:31:17-49
222        </provider> <!-- Include the AdActivity and InAppPurchaseActivity configChanges and themes. -->
223        <activity
223-->[com.google.android.gms:play-services-ads-lite:21.0.0] AndroidManifest.xml:49:9-53:64
224            android:name="com.google.android.gms.ads.AdActivity"
224-->[com.google.android.gms:play-services-ads-lite:21.0.0] AndroidManifest.xml:50:13-65
225            android:configChanges="keyboard|keyboardHidden|orientation|screenLayout|uiMode|screenSize|smallestScreenSize"
225-->[com.google.android.gms:play-services-ads-lite:21.0.0] AndroidManifest.xml:51:13-122
226            android:exported="false"
226-->[com.google.android.gms:play-services-ads-lite:21.0.0] AndroidManifest.xml:52:13-37
227            android:theme="@android:style/Theme.Translucent" />
227-->[com.google.android.gms:play-services-ads-lite:21.0.0] AndroidManifest.xml:53:13-61
228
229        <provider
229-->[com.google.android.gms:play-services-ads-lite:21.0.0] AndroidManifest.xml:55:9-59:39
230            android:name="com.google.android.gms.ads.MobileAdsInitProvider"
230-->[com.google.android.gms:play-services-ads-lite:21.0.0] AndroidManifest.xml:56:13-76
231            android:authorities="com.devgroup.medicapp.mobileadsinitprovider"
231-->[com.google.android.gms:play-services-ads-lite:21.0.0] AndroidManifest.xml:57:13-73
232            android:exported="false"
232-->[com.google.android.gms:play-services-ads-lite:21.0.0] AndroidManifest.xml:58:13-37
233            android:initOrder="100" />
233-->[com.google.android.gms:play-services-ads-lite:21.0.0] AndroidManifest.xml:59:13-36
234
235        <service
235-->[com.google.android.gms:play-services-ads-lite:21.0.0] AndroidManifest.xml:61:9-64:40
236            android:name="com.google.android.gms.ads.AdService"
236-->[com.google.android.gms:play-services-ads-lite:21.0.0] AndroidManifest.xml:62:13-64
237            android:enabled="true"
237-->[com.google.android.gms:play-services-ads-lite:21.0.0] AndroidManifest.xml:63:13-35
238            android:exported="false" />
238-->[com.google.android.gms:play-services-ads-lite:21.0.0] AndroidManifest.xml:64:13-37
239        <service
239-->[androidx.work:work-runtime:2.7.0] AndroidManifest.xml:41:9-46:35
240            android:name="androidx.work.impl.background.systemalarm.SystemAlarmService"
240-->[androidx.work:work-runtime:2.7.0] AndroidManifest.xml:42:13-88
241            android:directBootAware="false"
241-->[androidx.work:work-runtime:2.7.0] AndroidManifest.xml:43:13-44
242            android:enabled="@bool/enable_system_alarm_service_default"
242-->[androidx.work:work-runtime:2.7.0] AndroidManifest.xml:44:13-72
243            android:exported="false" />
243-->[androidx.work:work-runtime:2.7.0] AndroidManifest.xml:45:13-37
244        <service
244-->[androidx.work:work-runtime:2.7.0] AndroidManifest.xml:47:9-53:35
245            android:name="androidx.work.impl.background.systemjob.SystemJobService"
245-->[androidx.work:work-runtime:2.7.0] AndroidManifest.xml:48:13-84
246            android:directBootAware="false"
246-->[androidx.work:work-runtime:2.7.0] AndroidManifest.xml:49:13-44
247            android:enabled="@bool/enable_system_job_service_default"
247-->[androidx.work:work-runtime:2.7.0] AndroidManifest.xml:50:13-70
248            android:exported="true"
248-->[androidx.work:work-runtime:2.7.0] AndroidManifest.xml:51:13-36
249            android:permission="android.permission.BIND_JOB_SERVICE" />
249-->[androidx.work:work-runtime:2.7.0] AndroidManifest.xml:52:13-69
250        <service
250-->[androidx.work:work-runtime:2.7.0] AndroidManifest.xml:54:9-59:35
251            android:name="androidx.work.impl.foreground.SystemForegroundService"
251-->[androidx.work:work-runtime:2.7.0] AndroidManifest.xml:55:13-81
252            android:directBootAware="false"
252-->[androidx.work:work-runtime:2.7.0] AndroidManifest.xml:56:13-44
253            android:enabled="@bool/enable_system_foreground_service_default"
253-->[androidx.work:work-runtime:2.7.0] AndroidManifest.xml:57:13-77
254            android:exported="false" />
254-->[androidx.work:work-runtime:2.7.0] AndroidManifest.xml:58:13-37
255
256        <receiver
256-->[androidx.work:work-runtime:2.7.0] AndroidManifest.xml:61:9-66:35
257            android:name="androidx.work.impl.utils.ForceStopRunnable$BroadcastReceiver"
257-->[androidx.work:work-runtime:2.7.0] AndroidManifest.xml:62:13-88
258            android:directBootAware="false"
258-->[androidx.work:work-runtime:2.7.0] AndroidManifest.xml:63:13-44
259            android:enabled="true"
259-->[androidx.work:work-runtime:2.7.0] AndroidManifest.xml:64:13-35
260            android:exported="false" />
260-->[androidx.work:work-runtime:2.7.0] AndroidManifest.xml:65:13-37
261        <receiver
261-->[androidx.work:work-runtime:2.7.0] AndroidManifest.xml:67:9-77:20
262            android:name="androidx.work.impl.background.systemalarm.ConstraintProxy$BatteryChargingProxy"
262-->[androidx.work:work-runtime:2.7.0] AndroidManifest.xml:68:13-106
263            android:directBootAware="false"
263-->[androidx.work:work-runtime:2.7.0] AndroidManifest.xml:69:13-44
264            android:enabled="false"
264-->[androidx.work:work-runtime:2.7.0] AndroidManifest.xml:70:13-36
265            android:exported="false" >
265-->[androidx.work:work-runtime:2.7.0] AndroidManifest.xml:71:13-37
266            <intent-filter>
266-->[androidx.work:work-runtime:2.7.0] AndroidManifest.xml:73:13-76:29